<?xml version="1.0" encoding="UTF-8"?>
<!-- Generated by org.testng.reporters.JUnitReportReporter -->
<testsuite skipped="0" hostname="iMac-de-holman.local" name="com.segurosbolivar.automation.tests.login.RunnerLogin" tests="2" failures="0" timestamp="04 Jan 2021 04:28:07 GMT" time="45.101" errors="2">
  <testcase name="successfullLoginFacebook" time="24.602" classname="com.segurosbolivar.automation.tests.login.RunnerLogin">
    <error type="java.lang.NullPointerException">
      <![CDATA[java.lang.NullPointerException
at com.segurosbolivar.automation.commons.BaseTest.<init>(BaseTest.java:16)
at com.segurosbolivar.automation.tests.login.MethodsLogin.<init>(MethodsLogin.java:7)
at com.segurosbolivar.automation.tests.login.StepsLogin.<init>(StepsLogin.java:9)
at java.lang.ThreadLocal$SuppliedThreadLocal.initialValue(ThreadLocal.java:284)
at java.lang.ThreadLocal.setInitialValue(ThreadLocal.java:180)
at java.lang.ThreadLocal.get(ThreadLocal.java:170)
at com.segurosbolivar.automation.tests.login.RunnerLogin.successfullLoginFacebook(RunnerLogin.java:19)
at sun.reflect.NativeMethodAccessorImpl.invoke0(Native Method)
at sun.reflect.NativeMethodAccessorImpl.invoke(NativeMethodAccessorImpl.java:62)
at sun.reflect.DelegatingMethodAccessorImpl.invoke(DelegatingMethodAccessorImpl.java:43)
at java.lang.reflect.Method.invoke(Method.java:498)
at org.testng.internal.MethodInvocationHelper.invokeMethod(MethodInvocationHelper.java:124)
at org.testng.internal.Invoker.invokeMethod(Invoker.java:583)
at org.testng.internal.Invoker.invokeTestMethod(Invoker.java:719)
at org.testng.internal.Invoker.invokeTestMethods(Invoker.java:989)
at org.testng.internal.TestMethodWorker.invokeTestMethods(TestMethodWorker.java:125)
at org.testng.internal.TestMethodWorker.run(TestMethodWorker.java:109)
at java.util.concurrent.ThreadPoolExecutor.runWorker(ThreadPoolExecutor.java:1149)
at java.util.concurrent.ThreadPoolExecutor$Worker.run(ThreadPoolExecutor.java:624)
at java.lang.Thread.run(Thread.java:748)
]]>
    </error>
  </testcase> <!-- successfullLoginFacebook -->
  <testcase name="successfullLogin" time="20.499" classname="com.segurosbolivar.automation.tests.login.RunnerLogin">
    <error type="java.lang.NullPointerException">
      <![CDATA[java.lang.NullPointerException
at com.segurosbolivar.automation.commons.BaseTest.<init>(BaseTest.java:16)
at com.segurosbolivar.automation.tests.login.MethodsLogin.<init>(MethodsLogin.java:7)
at com.segurosbolivar.automation.tests.login.StepsLogin.<init>(StepsLogin.java:9)
at java.lang.ThreadLocal$SuppliedThreadLocal.initialValue(ThreadLocal.java:284)
at java.lang.ThreadLocal.setInitialValue(ThreadLocal.java:180)
at java.lang.ThreadLocal.get(ThreadLocal.java:170)
at com.segurosbolivar.automation.tests.login.RunnerLogin.successfullLogin(RunnerLogin.java:14)
at sun.reflect.NativeMethodAccessorImpl.invoke0(Native Method)
at sun.reflect.NativeMethodAccessorImpl.invoke(NativeMethodAccessorImpl.java:62)
at sun.reflect.DelegatingMethodAccessorImpl.invoke(DelegatingMethodAccessorImpl.java:43)
at java.lang.reflect.Method.invoke(Method.java:498)
at org.testng.internal.MethodInvocationHelper.invokeMethod(MethodInvocationHelper.java:124)
at org.testng.internal.Invoker.invokeMethod(Invoker.java:583)
at org.testng.internal.Invoker.invokeTestMethod(Invoker.java:719)
at org.testng.internal.Invoker.invokeTestMethods(Invoker.java:989)
at org.testng.internal.TestMethodWorker.invokeTestMethods(TestMethodWorker.java:125)
at org.testng.internal.TestMethodWorker.run(TestMethodWorker.java:109)
at java.util.concurrent.ThreadPoolExecutor.runWorker(ThreadPoolExecutor.java:1149)
at java.util.concurrent.ThreadPoolExecutor$Worker.run(ThreadPoolExecutor.java:624)
at java.lang.Thread.run(Thread.java:748)
]]>
    </error>
  </testcase> <!-- successfullLogin -->
</testsuite> <!-- com.segurosbolivar.automation.tests.login.RunnerLogin -->
