<?xml version="1.0" encoding="UTF-8"?>
<testsuite name="com.segurosbolivar.automation.tests.alliedRegister.RunnerRegister" tests="1" skipped="0" failures="1" errors="0" timestamp="2021-01-05T20:39:10" hostname="iMac-de-holman.local" time="30.162">
  <properties/>
  <testcase name="successfullRegister" classname="com.segurosbolivar.automation.tests.alliedRegister.RunnerRegister" time="30.162">
    <failure message="java.util.concurrent.TimeoutException" type="java.util.concurrent.TimeoutException">java.util.concurrent.TimeoutException
	at java.util.concurrent.FutureTask.get(FutureTask.java:205)
	at org.awaitility.core.ConditionAwaiter.await(ConditionAwaiter.java:87)
	at org.awaitility.core.CallableCondition.await(CallableCondition.java:79)
	at org.awaitility.core.CallableCondition.await(CallableCondition.java:27)
	at org.awaitility.core.ConditionFactory.until(ConditionFactory.java:840)
	at org.awaitility.core.ConditionFactory.until(ConditionFactory.java:802)
	at com.segurosbolivar.automation.commons.Methods.awaitToFindElement(Methods.java:158)
	at com.segurosbolivar.automation.tests.alliedRegister.MethodsRegister.validateRegistration(MethodsRegister.java:32)
	at com.segurosbolivar.automation.tests.alliedRegister.StepsRegister.validateEmail(StepsRegister.java:32)
	at com.segurosbolivar.automation.tests.alliedRegister.RunnerRegister.successfullRegister(RunnerRegister.java:16)
	at sun.reflect.NativeMethodAccessorImpl.invoke0(Native Method)
	at sun.reflect.NativeMethodAccessorImpl.invoke(NativeMethodAccessorImpl.java:62)
	at sun.reflect.DelegatingMethodAccessorImpl.invoke(DelegatingMethodAccessorImpl.java:43)
	at java.lang.reflect.Method.invoke(Method.java:498)
	at org.testng.internal.MethodInvocationHelper.invokeMethod(MethodInvocationHelper.java:124)
	at org.testng.internal.Invoker.invokeMethod(Invoker.java:583)
	at org.testng.internal.Invoker.invokeTestMethod(Invoker.java:719)
	at org.testng.internal.Invoker.invokeTestMethods(Invoker.java:989)
	at org.testng.internal.TestMethodWorker.invokeTestMethods(TestMethodWorker.java:125)
	at org.testng.internal.TestMethodWorker.run(TestMethodWorker.java:109)
	at java.util.concurrent.ThreadPoolExecutor.runWorker(ThreadPoolExecutor.java:1149)
	at java.util.concurrent.ThreadPoolExecutor$Worker.run(ThreadPoolExecutor.java:624)
	at java.lang.Thread.run(Thread.java:748)
</failure>
  </testcase>
  <system-out><![CDATA[Current Window State       : complete
Successful Enable: ** :) **   
Successful Enable: ** :) **   
THIS TEST FAILED!
THIS TEST FAILED!
]]></system-out>
  <system-err><![CDATA[Starting ChromeDriver 87.0.4280.20 (c99e81631faa0b2a448e658c0dbd8311fb04ddbd-refs/branch-heads/4280@{#355}) on port 20465
Only local connections are allowed.
Please see https://chromedriver.chromium.org/security-considerations for suggestions on keeping ChromeDriver safe.
ChromeDriver was started successfully.
Jan 05, 2021 3:39:07 PM org.openqa.selenium.remote.ProtocolHandshake createSession
INFO: Detected dialect: W3C
]]></system-err>
</testsuite>
