<?xml version="1.0" encoding="UTF-8"?>
<testsuite name="com.segurosbolivar.automation.tests.login.RunnerLogin" tests="2" skipped="1" failures="1" errors="0" timestamp="2021-01-04T00:29:22" hostname="iMac-de-holman.local" time="36.927">
  <properties/>
  <testcase name="successfullLogin" classname="com.segurosbolivar.automation.tests.login.RunnerLogin" time="25.027">
    <failure message="java.lang.ArrayIndexOutOfBoundsException: 1" type="java.lang.ArrayIndexOutOfBoundsException">java.lang.ArrayIndexOutOfBoundsException: 1
	at com.segurosbolivar.automation.commons.Services.toByVal(Services.java:86)
	at com.segurosbolivar.automation.commons.Services.waitingForElement(Services.java:34)
	at com.segurosbolivar.automation.tests.login.MethodsLogin.fillAllTheRequiredFields(MethodsLogin.java:34)
	at com.segurosbolivar.automation.tests.login.StepsLogin.fillAll(StepsLogin.java:27)
	at com.segurosbolivar.automation.tests.login.RunnerLogin.successfullLogin(RunnerLogin.java:14)
	at sun.reflect.NativeMethodAccessorImpl.invoke0(Native Method)
	at sun.reflect.NativeMethodAccessorImpl.invoke(NativeMethodAccessorImpl.java:62)
	at sun.reflect.DelegatingMethodAccessorImpl.invoke(DelegatingMethodAccessorImpl.java:43)
	at java.lang.reflect.Method.invoke(Method.java:498)
	at org.testng.internal.MethodInvocationHelper.invokeMethod(MethodInvocationHelper.java:124)
	at org.testng.internal.Invoker.invokeMethod(Invoker.java:583)
	at org.testng.internal.Invoker.invokeTestMethod(Invoker.java:719)
	at org.testng.internal.Invoker.invokeTestMethods(Invoker.java:989)
	at org.testng.internal.TestMethodWorker.invokeTestMethods(TestMethodWorker.java:125)
	at org.testng.internal.TestMethodWorker.run(TestMethodWorker.java:109)
	at java.util.concurrent.ThreadPoolExecutor.runWorker(ThreadPoolExecutor.java:1149)
	at java.util.concurrent.ThreadPoolExecutor$Worker.run(ThreadPoolExecutor.java:624)
	at java.lang.Thread.run(Thread.java:748)
</failure>
  </testcase>
  <testcase name="successfullLoginFacebook" classname="com.segurosbolivar.automation.tests.login.RunnerLogin" time="36.928">
    <skipped/>
  </testcase>
  <system-out><![CDATA[THIS TEST FAILED!
Current Window State       : complete
THIS TEST FAILED!
THIS TEST FAILED!
]]></system-out>
  <system-err><![CDATA[Starting ChromeDriver 87.0.4280.20 (c99e81631faa0b2a448e658c0dbd8311fb04ddbd-refs/branch-heads/4280@{#355}) on port 29680
Only local connections are allowed.
Please see https://chromedriver.chromium.org/security-considerations for suggestions on keeping ChromeDriver safe.
Starting ChromeDriver 87.0.4280.20 (c99e81631faa0b2a448e658c0dbd8311fb04ddbd-refs/branch-heads/4280@{#355}) on port 46253
Only local connections are allowed.
Please see https://chromedriver.chromium.org/security-considerations for suggestions on keeping ChromeDriver safe.
ChromeDriver was started successfully.
ChromeDriver was started successfully.
Jan 03, 2021 7:29:18 PM org.openqa.selenium.remote.ProtocolHandshake createSession
INFO: Detected dialect: W3C
Jan 03, 2021 7:29:18 PM org.openqa.selenium.remote.ProtocolHandshake createSession
INFO: Detected dialect: W3C
]]></system-err>
</testsuite>
