<?xml version="1.0" encoding="UTF-8"?>
<!-- Generated by org.testng.reporters.JUnitXMLReporter -->
<testsuite hostname="holmans-iMac.local" ignored="0" name="Seguros Bolivar Test" tests="1" failures="1" timestamp="14 May 2021 15:26:56 GMT" time="101.654" errors="0">
  <testcase name="login" time="32.537" classname="com.segurosbolivar.automation.tests.login.RunnerLogin">
    <failure type="java.lang.AssertionError" message="expected [asdf] but found [HOLA PRUEBAS]">
      <![CDATA[java.lang.AssertionError: expected [asdf] but found [HOLA PRUEBAS]
at com.segurosbolivar.automation.tests.login.StepsLogin.fillAll(StepsLogin.java:32)
at com.segurosbolivar.automation.tests.login.RunnerLogin.login(RunnerLogin.java:20)
at java.util.concurrent.ThreadPoolExecutor.runWorker(ThreadPoolExecutor.java:1149)
at java.util.concurrent.ThreadPoolExecutor$Worker.run(ThreadPoolExecutor.java:624)
at java.lang.Thread.run(Thread.java:748)
... Removed 16 stack frames]]>
    </failure>
  </testcase> <!-- login -->
</testsuite> <!-- Seguros Bolivar Test -->
