<?xml version="1.0" encoding="UTF-8"?>
<testng-results skipped="0" failed="1" ignored="0" total="3" passed="2">
  <reporter-output>
  </reporter-output>
  <suite name="Test Suite" duration-ms="133197" started-at="2021-01-14T20:07:14Z" finished-at="2021-01-14T20:09:27Z">
    <groups>
      <group name="smoke">
        <method signature="RunnerRent.searchForBarrio()[pri:2, instance:com.segurosbolivar.automation.tests.rent.RunnerRent@77846d2c]" name="searchForBarrio" class="com.segurosbolivar.automation.tests.rent.RunnerRent"/>
        <method signature="RunnerRent.searchForCity()[pri:1, instance:com.segurosbolivar.automation.tests.rent.RunnerRent@77846d2c]" name="searchForCity" class="com.segurosbolivar.automation.tests.rent.RunnerRent"/>
        <method signature="RunnerRent.searchForSector()[pri:3, instance:com.segurosbolivar.automation.tests.rent.RunnerRent@77846d2c]" name="searchForSector" class="com.segurosbolivar.automation.tests.rent.RunnerRent"/>
      </group> <!-- smoke -->
    </groups>
    <test name="Seguros Bolivar Test" duration-ms="133197" started-at="2021-01-14T20:07:14Z" finished-at="2021-01-14T20:09:27Z">
      <class name="com.segurosbolivar.automation.tests.rent.RunnerRent">
        <test-method status="PASS" signature="before()[pri:0, instance:com.segurosbolivar.automation.tests.rent.RunnerRent@77846d2c]" name="before" is-config="true" duration-ms="13202" started-at="2021-01-14T20:07:14Z" finished-at="2021-01-14T20:07:27Z">
          <reporter-output>
          </reporter-output>
        </test-method> <!-- before -->
        <test-method status="FAIL" signature="searchForCity()[pri:1, instance:com.segurosbolivar.automation.tests.rent.RunnerRent@77846d2c]" name="searchForCity" duration-ms="23746" started-at="2021-01-14T20:07:28Z" finished-at="2021-01-14T20:07:52Z">
          <exception class="java.lang.AssertionError">
            <message>
              <![CDATA[expected [ en Bogotá de apartamentos, casas y más inmuebles] but found [Arriendo en Bogotá de apartamentos, casas y más inmuebles]]]>
            </message>
            <full-stacktrace>
              <![CDATA[java.lang.AssertionError: expected [ en Bogotá de apartamentos, casas y más inmuebles] but found [Arriendo en Bogotá de apartamentos, casas y más inmuebles]
at org.testng.Assert.fail(Assert.java:96)
at org.testng.Assert.failNotEquals(Assert.java:776)
at org.testng.Assert.assertEqualsImpl(Assert.java:137)
at org.testng.Assert.assertEquals(Assert.java:118)
at org.testng.Assert.assertEquals(Assert.java:453)
at org.testng.Assert.assertEquals(Assert.java:463)
at com.segurosbolivar.automation.tests.rent.StepsRent.searchPropertyForRent(StepsRent.java:22)
at com.segurosbolivar.automation.tests.rent.RunnerRent.searchForCity(RunnerRent.java:14)
at sun.reflect.NativeMethodAccessorImpl.invoke0(Native Method)
at sun.reflect.NativeMethodAccessorImpl.invoke(NativeMethodAccessorImpl.java:62)
at sun.reflect.DelegatingMethodAccessorImpl.invoke(DelegatingMethodAccessorImpl.java:43)
at java.lang.reflect.Method.invoke(Method.java:498)
at org.testng.internal.MethodInvocationHelper.invokeMethod(MethodInvocationHelper.java:124)
at org.testng.internal.Invoker.invokeMethod(Invoker.java:583)
at org.testng.internal.Invoker.invokeTestMethod(Invoker.java:719)
at org.testng.internal.Invoker.invokeTestMethods(Invoker.java:989)
at org.testng.internal.TestMethodWorker.invokeTestMethods(TestMethodWorker.java:125)
at org.testng.internal.TestMethodWorker.run(TestMethodWorker.java:109)
at java.util.concurrent.ThreadPoolExecutor.runWorker(ThreadPoolExecutor.java:1149)
at java.util.concurrent.ThreadPoolExecutor$Worker.run(ThreadPoolExecutor.java:624)
at java.lang.Thread.run(Thread.java:748)
]]>
            </full-stacktrace>
          </exception> <!-- java.lang.AssertionError -->
          <reporter-output>
          </reporter-output>
        </test-method> <!-- searchForCity -->
        <test-method status="PASS" signature="after()[pri:0, instance:com.segurosbolivar.automation.tests.rent.RunnerRent@77846d2c]" name="after" is-config="true" duration-ms="1" started-at="2021-01-14T20:07:54Z" finished-at="2021-01-14T20:07:54Z">
          <reporter-output>
          </reporter-output>
        </test-method> <!-- after -->
        <test-method status="PASS" signature="before()[pri:0, instance:com.segurosbolivar.automation.tests.rent.RunnerRent@77846d2c]" name="before" is-config="true" duration-ms="12742" started-at="2021-01-14T20:07:54Z" finished-at="2021-01-14T20:08:06Z">
          <reporter-output>
          </reporter-output>
        </test-method> <!-- before -->
        <test-method status="PASS" signature="searchForBarrio()[pri:2, instance:com.segurosbolivar.automation.tests.rent.RunnerRent@77846d2c]" name="searchForBarrio" duration-ms="26303" started-at="2021-01-14T20:08:06Z" finished-at="2021-01-14T20:08:33Z">
          <reporter-output>
          </reporter-output>
        </test-method> <!-- searchForBarrio -->
        <test-method status="PASS" signature="after()[pri:0, instance:com.segurosbolivar.automation.tests.rent.RunnerRent@77846d2c]" name="after" is-config="true" duration-ms="1" started-at="2021-01-14T20:08:36Z" finished-at="2021-01-14T20:08:36Z">
          <reporter-output>
          </reporter-output>
        </test-method> <!-- after -->
        <test-method status="PASS" signature="before()[pri:0, instance:com.segurosbolivar.automation.tests.rent.RunnerRent@77846d2c]" name="before" is-config="true" duration-ms="14232" started-at="2021-01-14T20:08:36Z" finished-at="2021-01-14T20:08:50Z">
          <reporter-output>
          </reporter-output>
        </test-method> <!-- before -->
        <test-method status="PASS" signature="searchForSector()[pri:3, instance:com.segurosbolivar.automation.tests.rent.RunnerRent@77846d2c]" name="searchForSector" duration-ms="31333" started-at="2021-01-14T20:08:50Z" finished-at="2021-01-14T20:09:21Z">
          <reporter-output>
          </reporter-output>
        </test-method> <!-- searchForSector -->
        <test-method status="PASS" signature="after()[pri:0, instance:com.segurosbolivar.automation.tests.rent.RunnerRent@77846d2c]" name="after" is-config="true" duration-ms="1" started-at="2021-01-14T20:09:27Z" finished-at="2021-01-14T20:09:27Z">
          <reporter-output>
          </reporter-output>
        </test-method> <!-- after -->
      </class> <!-- com.segurosbolivar.automation.tests.rent.RunnerRent -->
    </test> <!-- Seguros Bolivar Test -->
  </suite> <!-- Test Suite -->
</testng-results>
