<?xml version="1.0" encoding="UTF-8"?>
<testng-results skipped="0" failed="1" ignored="0" total="1" passed="0">
  <reporter-output>
  </reporter-output>
  <suite name="Test Suite" duration-ms="101654" started-at="2021-05-14T15:25:14Z" finished-at="2021-05-14T15:26:56Z">
    <groups>
    </groups>
    <test name="Seguros Bolivar Test" duration-ms="101654" started-at="2021-05-14T15:25:14Z" finished-at="2021-05-14T15:26:56Z">
      <class name="com.segurosbolivar.automation.tests.login.RunnerLogin">
        <test-method status="PASS" signature="beforeSuite()[pri:0, instance:com.segurosbolivar.automation.tests.login.RunnerLogin@4910d55d]" name="beforeSuite" is-config="true" duration-ms="73723" started-at="2021-05-14T15:24:01Z" finished-at="2021-05-14T15:25:14Z">
          <reporter-output>
          </reporter-output>
        </test-method> <!-- beforeSuite -->
        <test-method status="PASS" signature="before(java.lang.reflect.Method)[pri:0, instance:com.segurosbolivar.automation.tests.login.RunnerLogin@4910d55d]" name="before" is-config="true" duration-ms="68821" started-at="2021-05-14T15:25:14Z" finished-at="2021-05-14T15:26:23Z">
          <params>
            <param index="0">
              <value>
                <![CDATA[public void com.segurosbolivar.automation.tests.login.RunnerLogin.login()]]>
              </value>
            </param>
          </params>
          <reporter-output>
          </reporter-output>
        </test-method> <!-- before -->
        <test-method status="FAIL" signature="login()[pri:1, instance:com.segurosbolivar.automation.tests.login.RunnerLogin@4910d55d]" name="login" duration-ms="32537" started-at="2021-05-14T15:26:23Z" description="ValidaciÃ³n tipo de pagina personas" finished-at="2021-05-14T15:26:56Z">
          <exception class="java.lang.AssertionError">
            <message>
              <![CDATA[expected [asdf] but found [HOLA PRUEBAS]]]>
            </message>
            <full-stacktrace>
              <![CDATA[java.lang.AssertionError: expected [asdf] but found [HOLA PRUEBAS]
at org.testng.Assert.fail(Assert.java:96)
at org.testng.Assert.failNotEquals(Assert.java:776)
at org.testng.Assert.assertEqualsImpl(Assert.java:137)
at org.testng.Assert.assertEquals(Assert.java:118)
at org.testng.Assert.assertEquals(Assert.java:453)
at org.testng.Assert.assertEquals(Assert.java:463)
at com.segurosbolivar.automation.tests.login.StepsLogin.fillAll(StepsLogin.java:32)
at com.segurosbolivar.automation.tests.login.RunnerLogin.login(RunnerLogin.java:20)
at sun.reflect.NativeMethodAccessorImpl.invoke0(Native Method)
at sun.reflect.NativeMethodAccessorImpl.invoke(NativeMethodAccessorImpl.java:62)
at sun.reflect.DelegatingMethodAccessorImpl.invoke(DelegatingMethodAccessorImpl.java:43)
at java.lang.reflect.Method.invoke(Method.java:498)
at org.testng.internal.MethodInvocationHelper.invokeMethod(MethodInvocationHelper.java:124)
at org.testng.internal.Invoker.invokeMethod(Invoker.java:583)
at org.testng.internal.Invoker.invokeTestMethod(Invoker.java:719)
at org.testng.internal.Invoker.invokeTestMethods(Invoker.java:989)
at org.testng.internal.TestMethodWorker.invokeTestMethods(TestMethodWorker.java:125)
at org.testng.internal.TestMethodWorker.run(TestMethodWorker.java:109)
at java.util.concurrent.ThreadPoolExecutor.runWorker(ThreadPoolExecutor.java:1149)
at java.util.concurrent.ThreadPoolExecutor$Worker.run(ThreadPoolExecutor.java:624)
at java.lang.Thread.run(Thread.java:748)
]]>
            </full-stacktrace>
          </exception> <!-- java.lang.AssertionError -->
          <reporter-output>
          </reporter-output>
        </test-method> <!-- login -->
        <test-method status="PASS" signature="after()[pri:0, instance:com.segurosbolivar.automation.tests.login.RunnerLogin@4910d55d]" name="after" is-config="true" duration-ms="161" started-at="2021-05-14T15:26:56Z" finished-at="2021-05-14T15:26:56Z">
          <reporter-output>
          </reporter-output>
        </test-method> <!-- after -->
        <test-method status="PASS" signature="afterSuite()[pri:0, instance:com.segurosbolivar.automation.tests.login.RunnerLogin@4910d55d]" name="afterSuite" is-config="true" duration-ms="0" started-at="2021-05-14T15:26:56Z" finished-at="2021-05-14T15:26:56Z">
          <reporter-output>
          </reporter-output>
        </test-method> <!-- afterSuite -->
      </class> <!-- com.segurosbolivar.automation.tests.login.RunnerLogin -->
    </test> <!-- Seguros Bolivar Test -->
  </suite> <!-- Test Suite -->
</testng-results>
